<?xml version="1.0" encoding="UTF-8"?>
<!-- Generated by org.testng.reporters.JUnitReportReporter -->
<testsuite hostname="DESKTOP-K9E36PD" failures="0" tests="1" name="com.bankingv1.testCase.TC_AddCustomer" time="15.535" errors="0" timestamp="2024-09-25T11:36:27 IST" skipped="0">
  <testcase classname="com.bankingv1.testCase.TC_AddCustomer" name="addNewCustomer" time="15.535"/>
</testsuite> <!-- com.bankingv1.testCase.TC_AddCustomer -->
