<?xml version="1.0" encoding="UTF-8"?>
<!-- Generated by org.testng.reporters.JUnitReportReporter -->
<testsuite hostname="DESKTOP-K9E36PD" failures="0" tests="1" name="com.bankingv1.testCase.TC_LoginTest_001" time="1.694" errors="0" timestamp="2024-09-23T11:37:58 IST" skipped="0">
  <testcase classname="com.bankingv1.testCase.TC_LoginTest_001" name="loginTest" time="1.694"/>
</testsuite> <!-- com.bankingv1.testCase.TC_LoginTest_001 -->
