<?xml version="1.0" encoding="UTF-8"?>
<!-- Generated by org.testng.reporters.JUnitReportReporter -->
<testsuite hostname="DESKTOP-K9E36PD" failures="0" tests="1" name="com.bankingv1.testCase.TC_LoginTest_001" time="3.127" errors="0" timestamp="2024-09-21T21:33:21 IST" skipped="0">
  <testcase classname="com.bankingv1.testCase.TC_LoginTest_001" name="loginTest" time="3.127"/>
</testsuite> <!-- com.bankingv1.testCase.TC_LoginTest_001 -->
